[debug] ----------------------------------------------------------------------
[debug] Command:      node /usr/local/bin/firebase deploy -p, --public ./
[debug] Platform:     darwin
[debug] Node Version: v0.12.4
[debug] Time:         Mon Dec 07 2015 17:01:09 GMT-0700 (MST)
[debug] ----------------------------------------------------------------------
[debug] 
[debug] >>> HTTP REQUEST GET https://admin.firebase.com/firebase/NickMattei/token?token=XXX 
[debug] <<< HTTP RESPONSE 200
[debug] >>> HTTP REQUEST GET https://admin.firebase.com/firebase/NickMattei/token?token=XXX 
[debug] <<< HTTP RESPONSE 200
[info] 
[info] === Deploying to 'NickMattei'...
[info] 
[info] i  deploying hosting
[info] i  preparing ./ directory for upload...
[debug] >>> HTTP REQUEST PUT https://deploy.firebase.com/firebase/NickMattei/uploads/-K4yt1u16lfEgzSApa_h?token=XXX&fileCount=3&message= 
[debug] <<< HTTP RESPONSE 200
[debug] ----------------------------------------------------------------------
[debug] Command:      node /usr/local/bin/firebase deploy -p, --public ./
[debug] Platform:     darwin
[debug] Node Version: v0.12.4
[debug] Time:         Mon Dec 07 2015 17:03:57 GMT-0700 (MST)
[debug] ----------------------------------------------------------------------
[debug] 
[debug] >>> HTTP REQUEST GET https://admin.firebase.com/firebase/NickMattei/token?token=XXX 
[debug] <<< HTTP RESPONSE 200
[debug] >>> HTTP REQUEST GET https://admin.firebase.com/firebase/NickMattei/token?token=XXX 
[debug] <<< HTTP RESPONSE 200
[info] 
[info] === Deploying to 'NickMattei'...
[info] 
[info] i  deploying hosting
[info] i  preparing ./ directory for upload...
[debug] >>> HTTP REQUEST PUT https://deploy.firebase.com/firebase/NickMattei/uploads/-K4ytg60A0pNIXN9s02w?token=XXX&fileCount=3&message= 
[debug] <<< HTTP RESPONSE 200
[debug] ----------------------------------------------------------------------
[debug] Command:      node /usr/local/bin/firebase deploy -p, --public ./
[debug] Platform:     darwin
[debug] Node Version: v0.12.4
[debug] Time:         Mon Dec 07 2015 17:04:25 GMT-0700 (MST)
[debug] ----------------------------------------------------------------------
[debug] 
[debug] >>> HTTP REQUEST GET https://admin.firebase.com/firebase/NickMattei/token?token=XXX 
[debug] <<< HTTP RESPONSE 200
[debug] >>> HTTP REQUEST GET https://admin.firebase.com/firebase/NickMattei/token?token=XXX 
[debug] <<< HTTP RESPONSE 200
[info] 
[info] === Deploying to 'NickMattei'...
[info] 
[info] i  deploying hosting
[info] i  preparing ./ directory for upload...
[debug] >>> HTTP REQUEST PUT https://deploy.firebase.com/firebase/NickMattei/uploads/-K4ytmyAvdTJZVQc7so3?token=XXX&fileCount=3&message= 
[debug] <<< HTTP RESPONSE 200
[debug] ----------------------------------------------------------------------
[debug] Command:      node /usr/local/bin/firebase deploy
[debug] Platform:     darwin
[debug] Node Version: v0.12.4
[debug] Time:         Mon Dec 07 2015 17:04:50 GMT-0700 (MST)
[debug] ----------------------------------------------------------------------
[debug] 
[debug] >>> HTTP REQUEST GET https://admin.firebase.com/firebase/NickMattei/token?token=XXX 
[debug] <<< HTTP RESPONSE 200
[debug] >>> HTTP REQUEST GET https://admin.firebase.com/firebase/NickMattei/token?token=XXX 
[debug] <<< HTTP RESPONSE 200
[info] 
[info] === Deploying to 'NickMattei'...
[info] 
[info] i  deploying hosting
[info] i  preparing ./ directory for upload...
[debug] >>> HTTP REQUEST PUT https://deploy.firebase.com/firebase/NickMattei/uploads/-K4ytsscxSDHRl29_4Jd?token=XXX&fileCount=3&message= 
[debug] <<< HTTP RESPONSE 200
